[debug] [2023-03-10T17:06:53.276Z] ----------------------------------------------------------------------
[debug] [2023-03-10T17:06:53.281Z] Command:       C:\Program Files\nodejs\node.exe C:\Users\josia\AppData\Roaming\npm\node_modules\firebase-tools\lib\bin\firebase.js init
[debug] [2023-03-10T17:06:53.282Z] CLI Version:   11.24.1
[debug] [2023-03-10T17:06:53.282Z] Platform:      win32
[debug] [2023-03-10T17:06:53.283Z] Node Version:  v18.12.0
[debug] [2023-03-10T17:06:53.284Z] Time:          Fri Mar 10 2023 05:06:53 GMT-1200 (GMT-12:00)
[debug] [2023-03-10T17:06:53.285Z] ----------------------------------------------------------------------
[debug] 
[debug] [2023-03-10T17:06:53.485Z] > command requires scopes: ["email","openid","https://www.googleapis.com/auth/cloudplatformprojects.readonly","https://www.googleapis.com/auth/firebase","https://www.googleapis.com/auth/cloud-platform"]
[debug] [2023-03-10T17:06:53.488Z] > authorizing via signed-in user (obliteycommey18@gmail.com)
[info] 
     ######## #### ########  ######## ########     ###     ######  ########
     ##        ##  ##     ## ##       ##     ##  ##   ##  ##       ##
     ######    ##  ########  ######   ########  #########  ######  ######
     ##        ##  ##    ##  ##       ##     ## ##     ##       ## ##
     ##       #### ##     ## ######## ########  ##     ##  ######  ########

You're about to initialize a Firebase project in this directory:

  C:\GitHub\remember-me

Before we get started, keep in mind:

  * You are currently outside your home directory
  * You are initializing within an existing Firebase project directory

